# JRE version: OpenJDK Runtime Environment Temurin-21.0.9+10 (21.0.9+10) (build 21.0.9+10-LTS)
# Java VM: OpenJDK 64-Bit Server VM Temurin-21.0.9+10 (21.0.9+10-LTS, mixed mode, sharing, tiered, compressed oops, compressed class ptrs, parallel gc, windows-amd64)
GC Precious Log:
 CardTable entry size: 512
 CPUs: 8 total, 8 available
 Memory: 8029M
 Large Page Support: Disabled
 NUMA Support: Disabled
 Compressed Oops: Enabled (32-bit)
 Alignments: Space 512K, Generation 512K, Heap 2M
 Heap Min Capacity: 100M
 Heap Initial Capacity: 100M
 Heap Max Capacity: 2G
 Pre-touch: Disabled
 Parallel Workers: 8
Heap:
 PSYoungGen      total 18432K, used 4904K [0x00000000d5580000, 0x00000000d6b00000, 0x0000000100000000)
  eden space 16896K, 21% used [0x00000000d5580000,0x00000000d58fd340,0x00000000d6600000)
  from space 1536K, 86% used [0x00000000d6900000,0x00000000d6a4cd78,0x00000000d6a80000)
  to   space 512K, 0% used [0x00000000d6a80000,0x00000000d6a80000,0x00000000d6b00000)
 ParOldGen       total 68608K, used 49664K [0x0000000080000000, 0x0000000084300000, 0x00000000d5580000)
  object space 68608K, 72% used [0x0000000080000000,0x0000000083080248,0x0000000084300000)
 Metaspace       used 68570K, committed 69952K, reserved 1114112K
  class space    used 7399K, committed 8064K, reserved 1048576K
GC Heap History (20 events):
Event: 36.487 GC heap before
{Heap before GC invocations=37 (full 2):
 PSYoungGen      total 18432K, used 18215K [0x00000000d5580000, 0x00000000d6d00000, 0x0000000100000000)
  eden space 16896K, 100% used [0x00000000d5580000,0x00000000d6600000,0x00000000d6600000)
  from space 1536K, 85% used [0x00000000d6b80000,0x00000000d6cc9e70,0x00000000d6d00000)
  to   space 3072K, 0% used [0x00000000d6700000,0x00000000d6700000,0x00000000d6a00000)
 ParOldGen       total 68608K, used 51973K [0x0000000080000000, 0x0000000084300000, 0x00000000d5580000)
  object space 68608K, 75% used [0x0000000080000000,0x00000000832c1418,0x0000000084300000)
 Metaspace       used 56725K, committed 57920K, reserved 1114112K
  class space    used 6190K, committed 6720K, reserved 1048576K
}
Event: 36.489 GC heap after
{Heap after GC invocations=37 (full 2):
 PSYoungGen      total 19968K, used 695K [0x00000000d5580000, 0x00000000d6c00000, 0x0000000100000000)
  eden space 16896K, 0% used [0x00000000d5580000,0x00000000d5580000,0x00000000d6600000)
  from space 3072K, 22% used [0x00000000d6700000,0x00000000d67ade88,0x00000000d6a00000)
  to   space 1536K, 0% used [0x00000000d6a80000,0x00000000d6a80000,0x00000000d6c00000)
 ParOldGen       total 68608K, used 52261K [0x0000000080000000, 0x0000000084300000, 0x00000000d5580000)
  object space 68608K, 76% used [0x0000000080000000,0x00000000833097e8,0x0000000084300000)
 Metaspace       used 56725K, committed 57920K, reserved 1114112K
  class space    used 6190K, committed 6720K, reserved 1048576K
}
Event: 37.555 GC heap before
{Heap before GC invocations=38 (full 2):
 PSYoungGen      total 19968K, used 14671K [0x00000000d5580000, 0x00000000d6c00000, 0x0000000100000000)
  eden space 16896K, 82% used [0x00000000d5580000,0x00000000d6325ec0,0x00000000d6600000)
  from space 3072K, 22% used [0x00000000d6700000,0x00000000d67ade88,0x00000000d6a00000)
  to   space 1536K, 0% used [0x00000000d6a80000,0x00000000d6a80000,0x00000000d6c00000)
 ParOldGen       total 68608K, used 52261K [0x0000000080000000, 0x0000000084300000, 0x00000000d5580000)
  object space 68608K, 76% used [0x0000000080000000,0x00000000833097e8,0x0000000084300000)
 Metaspace       used 58545K, committed 59776K, reserved 1114112K
  class space    used 6329K, committed 6912K, reserved 1048576K
}
Event: 37.556 GC heap after
{Heap after GC invocations=38 (full 2):
 PSYoungGen      total 17408K, used 416K [0x00000000d5580000, 0x00000000d6b00000, 0x0000000100000000)
  eden space 16896K, 0% used [0x00000000d5580000,0x00000000d5580000,0x00000000d6600000)
  from space 512K, 81% used [0x00000000d6a80000,0x00000000d6ae8000,0x00000000d6b00000)
  to   space 1024K, 0% used [0x00000000d6900000,0x00000000d6900000,0x00000000d6a00000)
 ParOldGen       total 68608K, used 52285K [0x0000000080000000, 0x0000000084300000, 0x00000000d5580000)
  object space 68608K, 76% used [0x0000000080000000,0x000000008330f7e8,0x0000000084300000)
 Metaspace       used 58545K, committed 59776K, reserved 1114112K
  class space    used 6329K, committed 6912K, reserved 1048576K
}
Event: 37.556 GC heap before
{Heap before GC invocations=39 (full 3):
 PSYoungGen      total 17408K, used 416K [0x00000000d5580000, 0x00000000d6b00000, 0x0000000100000000)
  eden space 16896K, 0% used [0x00000000d5580000,0x00000000d5580000,0x00000000d6600000)
  from space 512K, 81% used [0x00000000d6a80000,0x00000000d6ae8000,0x00000000d6b00000)
  to   space 1024K, 0% used [0x00000000d6900000,0x00000000d6900000,0x00000000d6a00000)
 ParOldGen       total 68608K, used 52285K [0x0000000080000000, 0x0000000084300000, 0x00000000d5580000)
  object space 68608K, 76% used [0x0000000080000000,0x000000008330f7e8,0x0000000084300000)
 Metaspace       used 58545K, committed 59776K, reserved 1114112K
  class space    used 6329K, committed 6912K, reserved 1048576K
}
Event: 37.646 GC heap after
{Heap after GC invocations=39 (full 3):
 PSYoungGen      total 17408K, used 0K [0x00000000d5580000, 0x00000000d6b00000, 0x0000000100000000)
  eden space 16896K, 0% used [0x00000000d5580000,0x00000000d5580000,0x00000000d6600000)
  from space 512K, 0% used [0x00000000d6a80000,0x00000000d6a80000,0x00000000d6b00000)
  to   space 1024K, 0% used [0x00000000d6900000,0x00000000d6900000,0x00000000d6a00000)
 ParOldGen       total 68608K, used 41019K [0x0000000080000000, 0x0000000084300000, 0x00000000d5580000)
  object space 68608K, 59% used [0x0000000080000000,0x000000008280efc0,0x0000000084300000)
 Metaspace       used 58545K, committed 59776K, reserved 1114112K
  class space    used 6329K, committed 6912K, reserved 1048576K
}
Event: 38.195 GC heap before
{Heap before GC invocations=40 (full 3):
 PSYoungGen      total 17408K, used 16894K [0x00000000d5580000, 0x00000000d6b00000, 0x0000000100000000)
  eden space 16896K, 99% used [0x00000000d5580000,0x00000000d65ffa18,0x00000000d6600000)
  from space 512K, 0% used [0x00000000d6a80000,0x00000000d6a80000,0x00000000d6b00000)
  to   space 1024K, 0% used [0x00000000d6900000,0x00000000d6900000,0x00000000d6a00000)
 ParOldGen       total 68608K, used 41019K [0x0000000080000000, 0x0000000084300000, 0x00000000d5580000)
  object space 68608K, 59% used [0x0000000080000000,0x000000008280efc0,0x0000000084300000)
 Metaspace       used 60382K, committed 61696K, reserved 1114112K
  class space    used 6525K, committed 7104K, reserved 1048576K
}
Event: 38.196 GC heap after
{Heap after GC invocations=40 (full 3):
 PSYoungGen      total 17920K, used 712K [0x00000000d5580000, 0x00000000d6b00000, 0x0000000100000000)
  eden space 16896K, 0% used [0x00000000d5580000,0x00000000d5580000,0x00000000d6600000)
  from space 1024K, 69% used [0x00000000d6900000,0x00000000d69b21e8,0x00000000d6a00000)
  to   space 1024K, 0% used [0x00000000d6a00000,0x00000000d6a00000,0x00000000d6b00000)
 ParOldGen       total 68608K, used 41027K [0x0000000080000000, 0x0000000084300000, 0x00000000d5580000)
  object space 68608K, 59% used [0x0000000080000000,0x0000000082810fc0,0x0000000084300000)
 Metaspace       used 60382K, committed 61696K, reserved 1114112K
  class space    used 6525K, committed 7104K, reserved 1048576K
}
Event: 38.643 GC heap before
{Heap before GC invocations=41 (full 3):
 PSYoungGen      total 17920K, used 17608K [0x00000000d5580000, 0x00000000d6b00000, 0x0000000100000000)
  eden space 16896K, 100% used [0x00000000d5580000,0x00000000d6600000,0x00000000d6600000)
  from space 1024K, 69% used [0x00000000d6900000,0x00000000d69b21e8,0x00000000d6a00000)
  to   space 1024K, 0% used [0x00000000d6a00000,0x00000000d6a00000,0x00000000d6b00000)
 ParOldGen       total 68608K, used 41027K [0x0000000080000000, 0x0000000084300000, 0x00000000d5580000)
  object space 68608K, 59% used [0x0000000080000000,0x0000000082810fc0,0x0000000084300000)
 Metaspace       used 62742K, committed 63936K, reserved 1114112K
  class space    used 6776K, committed 7296K, reserved 1048576K
}
Event: 38.645 GC heap after
{Heap after GC invocations=41 (full 3):
 PSYoungGen      total 17920K, used 993K [0x00000000d5580000, 0x00000000d6b00000, 0x0000000100000000)
  eden space 16896K, 0% used [0x00000000d5580000,0x00000000d5580000,0x00000000d6600000)
  from space 1024K, 97% used [0x00000000d6a00000,0x00000000d6af87a8,0x00000000d6b00000)
  to   space 2048K, 0% used [0x00000000d6700000,0x00000000d6700000,0x00000000d6900000)
 ParOldGen       total 68608K, used 41846K [0x0000000080000000, 0x0000000084300000, 0x00000000d5580000)
  object space 68608K, 60% used [0x0000000080000000,0x00000000828dda98,0x0000000084300000)
 Metaspace       used 62742K, committed 63936K, reserved 1114112K
  class space    used 6776K, committed 7296K, reserved 1048576K
}
Event: 39.047 GC heap before
{Heap before GC invocations=42 (full 3):
 PSYoungGen      total 17920K, used 17885K [0x00000000d5580000, 0x00000000d6b00000, 0x0000000100000000)
  eden space 16896K, 99% used [0x00000000d5580000,0x00000000d65fefb8,0x00000000d6600000)
  from space 1024K, 97% used [0x00000000d6a00000,0x00000000d6af87a8,0x00000000d6b00000)
  to   space 2048K, 0% used [0x00000000d6700000,0x00000000d6700000,0x00000000d6900000)
 ParOldGen       total 68608K, used 41846K [0x0000000080000000, 0x0000000084300000, 0x00000000d5580000)
  object space 68608K, 60% used [0x0000000080000000,0x00000000828dda98,0x0000000084300000)
 Metaspace       used 64155K, committed 65472K, reserved 1114112K
  class space    used 6927K, committed 7488K, reserved 1048576K
}
Event: 39.051 GC heap after
{Heap after GC invocations=42 (full 3):
 PSYoungGen      total 18944K, used 2030K [0x00000000d5580000, 0x00000000d7100000, 0x0000000100000000)
  eden space 16896K, 0% used [0x00000000d5580000,0x00000000d5580000,0x00000000d6600000)
  from space 2048K, 99% used [0x00000000d6700000,0x00000000d68fb8e0,0x00000000d6900000)
  to   space 5632K, 0% used [0x00000000d6b80000,0x00000000d6b80000,0x00000000d7100000)
 ParOldGen       total 68608K, used 44802K [0x0000000080000000, 0x0000000084300000, 0x00000000d5580000)
  object space 68608K, 65% used [0x0000000080000000,0x0000000082bc0970,0x0000000084300000)
 Metaspace       used 64155K, committed 65472K, reserved 1114112K
  class space    used 6927K, committed 7488K, reserved 1048576K
}
Event: 39.461 GC heap before
{Heap before GC invocations=43 (full 3):
 PSYoungGen      total 18944K, used 18904K [0x00000000d5580000, 0x00000000d7100000, 0x0000000100000000)
  eden space 16896K, 99% used [0x00000000d5580000,0x00000000d65faab0,0x00000000d6600000)
  from space 2048K, 99% used [0x00000000d6700000,0x00000000d68fb8e0,0x00000000d6900000)
  to   space 5632K, 0% used [0x00000000d6b80000,0x00000000d6b80000,0x00000000d7100000)
 ParOldGen       total 68608K, used 44802K [0x0000000080000000, 0x0000000084300000, 0x00000000d5580000)
  object space 68608K, 65% used [0x0000000080000000,0x0000000082bc0970,0x0000000084300000)
 Metaspace       used 65251K, committed 66624K, reserved 1114112K
  class space    used 7003K, committed 7616K, reserved 1048576K
}
Event: 39.465 GC heap after
{Heap after GC invocations=43 (full 3):
 PSYoungGen      total 19456K, used 2055K [0x00000000d5580000, 0x00000000d6e00000, 0x0000000100000000)
  eden space 16896K, 0% used [0x00000000d5580000,0x00000000d5580000,0x00000000d6600000)
  from space 2560K, 80% used [0x00000000d6b80000,0x00000000d6d81ff0,0x00000000d6e00000)
  to   space 3584K, 0% used [0x00000000d6700000,0x00000000d6700000,0x00000000d6a80000)
 ParOldGen       total 68608K, used 46832K [0x0000000080000000, 0x0000000084300000, 0x00000000d5580000)
  object space 68608K, 68% used [0x0000000080000000,0x0000000082dbc360,0x0000000084300000)
 Metaspace       used 65251K, committed 66624K, reserved 1114112K
  class space    used 7003K, committed 7616K, reserved 1048576K
}
Event: 39.873 GC heap before
{Heap before GC invocations=44 (full 3):
 PSYoungGen      total 19456K, used 18951K [0x00000000d5580000, 0x00000000d6e00000, 0x0000000100000000)
  eden space 16896K, 100% used [0x00000000d5580000,0x00000000d6600000,0x00000000d6600000)
  from space 2560K, 80% used [0x00000000d6b80000,0x00000000d6d81ff0,0x00000000d6e00000)
  to   space 3584K, 0% used [0x00000000d6700000,0x00000000d6700000,0x00000000d6a80000)
 ParOldGen       total 68608K, used 46832K [0x0000000080000000, 0x0000000084300000, 0x00000000d5580000)
  object space 68608K, 68% used [0x0000000080000000,0x0000000082dbc360,0x0000000084300000)
 Metaspace       used 66355K, committed 67712K, reserved 1114112K
  class space    used 7124K, committed 7744K, reserved 1048576K
}
Event: 39.876 GC heap after
{Heap after GC invocations=44 (full 3):
 PSYoungGen      total 20480K, used 505K [0x00000000d5580000, 0x00000000d6c00000, 0x0000000100000000)
  eden space 16896K, 0% used [0x00000000d5580000,0x00000000d5580000,0x00000000d6600000)
  from space 3584K, 14% used [0x00000000d6700000,0x00000000d677e470,0x00000000d6a80000)
  to   space 1536K, 0% used [0x00000000d6a80000,0x00000000d6a80000,0x00000000d6c00000)
 ParOldGen       total 68608K, used 48472K [0x0000000080000000, 0x0000000084300000, 0x00000000d5580000)
  object space 68608K, 70% used [0x0000000080000000,0x0000000082f56198,0x0000000084300000)
 Metaspace       used 66355K, committed 67712K, reserved 1114112K
  class space    used 7124K, committed 7744K, reserved 1048576K
}
Event: 445.622 GC heap before
{Heap before GC invocations=45 (full 3):
 PSYoungGen      total 20480K, used 17401K [0x00000000d5580000, 0x00000000d6c00000, 0x0000000100000000)
  eden space 16896K, 100% used [0x00000000d5580000,0x00000000d6600000,0x00000000d6600000)
  from space 3584K, 14% used [0x00000000d6700000,0x00000000d677e470,0x00000000d6a80000)
  to   space 1536K, 0% used [0x00000000d6a80000,0x00000000d6a80000,0x00000000d6c00000)
 ParOldGen       total 68608K, used 48472K [0x0000000080000000, 0x0000000084300000, 0x00000000d5580000)
  object space 68608K, 70% used [0x0000000080000000,0x0000000082f56198,0x0000000084300000)
 Metaspace       used 67097K, committed 68480K, reserved 1114112K
  class space    used 7188K, committed 7808K, reserved 1048576K
}
Event: 445.662 GC heap after
{Heap after GC invocations=45 (full 3):
 PSYoungGen      total 18432K, used 1073K [0x00000000d5580000, 0x00000000d6c00000, 0x0000000100000000)
  eden space 16896K, 0% used [0x00000000d5580000,0x00000000d5580000,0x00000000d6600000)
  from space 1536K, 69% used [0x00000000d6a80000,0x00000000d6b8c710,0x00000000d6c00000)
  to   space 1536K, 0% used [0x00000000d6900000,0x00000000d6900000,0x00000000d6a80000)
 ParOldGen       total 68608K, used 48761K [0x0000000080000000, 0x0000000084300000, 0x00000000d5580000)
  object space 68608K, 71% used [0x0000000080000000,0x0000000082f9e608,0x0000000084300000)
 Metaspace       used 67097K, committed 68480K, reserved 1114112K
  class space    used 7188K, committed 7808K, reserved 1048576K
}
Event: 447.123 GC heap before
{Heap before GC invocations=46 (full 3):
 PSYoungGen      total 18432K, used 17969K [0x00000000d5580000, 0x00000000d6c00000, 0x0000000100000000)
  eden space 16896K, 100% used [0x00000000d5580000,0x00000000d6600000,0x00000000d6600000)
  from space 1536K, 69% used [0x00000000d6a80000,0x00000000d6b8c710,0x00000000d6c00000)
  to   space 1536K, 0% used [0x00000000d6900000,0x00000000d6900000,0x00000000d6a80000)
 ParOldGen       total 68608K, used 48761K [0x0000000080000000, 0x0000000084300000, 0x00000000d5580000)
  object space 68608K, 71% used [0x0000000080000000,0x0000000082f9e608,0x0000000084300000)
 Metaspace       used 67925K, committed 69312K, reserved 1114112K
  class space    used 7316K, committed 7936K, reserved 1048576K
}
Event: 447.130 GC heap after
{Heap after GC invocations=46 (full 3):
 PSYoungGen      total 18432K, used 1331K [0x00000000d5580000, 0x00000000d6b00000, 0x0000000100000000)
  eden space 16896K, 0% used [0x00000000d5580000,0x00000000d5580000,0x00000000d6600000)
  from space 1536K, 86% used [0x00000000d6900000,0x00000000d6a4cd78,0x00000000d6a80000)
  to   space 512K, 0% used [0x00000000d6a80000,0x00000000d6a80000,0x00000000d6b00000)
 ParOldGen       total 68608K, used 49664K [0x0000000080000000, 0x0000000084300000, 0x00000000d5580000)
  object space 68608K, 72% used [0x0000000080000000,0x0000000083080248,0x0000000084300000)
 Metaspace       used 67925K, committed 69312K, reserved 1114112K
  class space    used 7316K, committed 7936K, reserved 1048576K
}

